<?xml version="1.0" encoding="UTF-8"?>
<!-- Generated by org.testng.reporters.JUnitReportReporter -->
<testsuite skipped="0" hostname="DESKTOP-TIRJGR2" name="com.qa.tests.GetApiTest" tests="2" failures="0" timestamp="2021-08-29T22:52:57 IST" time="0.966" errors="0">
  <testcase name="getAPITestWithoutHeaders" time="0.825" classname="com.qa.tests.GetApiTest"/>
  <system-out/>
  <testcase name="getAPITestWithHeaders" time="0.141" classname="com.qa.tests.GetApiTest"/>
  <system-out/>
</testsuite> <!-- com.qa.tests.GetApiTest -->
